<?xml version="1.0" encoding="UTF-8"?>
<!-- Generated by org.testng.reporters.JUnitReportReporter -->
<testsuite skipped="0" hostname="NISL" name="com.demo.LoginDemo" tests="2" failures="0" timestamp="21 Sep 2020 11:37:21 GMT" time="57.871" errors="0">
  <testcase name="loginDemoTest" time="29.340" classname="com.demo.LoginDemo"/>
  <testcase name="loginDemoTest" time="28.531" classname="com.demo.LoginDemo"/>
</testsuite> <!-- com.demo.LoginDemo -->
